<?xml version="1.0" encoding="UTF-8"?>
<!-- Generated by org.testng.reporters.JUnitReportReporter -->
<testsuite hostname="DESKTOP-P6NGEVN" failures="0" tests="1" name="day1.HTTP_requestspractise" time="6.222" errors="0" timestamp="2023-03-29T07:43:03 IST" skipped="0">
  <testcase classname="day1.HTTP_requestspractise" name="deleteUser" time="6.222"/>
  <system-out/>
</testsuite> <!-- day1.HTTP_requestspractise -->
