<?xml version="1.0" encoding="UTF-8"?>
<!-- Generated by org.testng.reporters.JUnitReportReporter -->
<testsuite hostname="DESKTOP-P6NGEVN" failures="0" tests="1" name="day2.Ways_to_CreatePostRequestbody" time="5.406" errors="0" timestamp="2023-03-29T10:44:28 IST" skipped="0">
  <testcase classname="day2.Ways_to_CreatePostRequestbody" name="createUserbyexternalJson" time="5.406"/>
  <system-out/>
</testsuite> <!-- day2.Ways_to_CreatePostRequestbody -->
