<?xml version="1.0" encoding="UTF-8"?>
<!-- Generated by org.testng.reporters.JUnitReportReporter -->
<testsuite hostname="DESKTOP-P6NGEVN" failures="0" tests="1" name="day3.Headers_Info" time="4.284" errors="0" timestamp="2023-03-30T22:36:53 IST" skipped="0">
  <testcase classname="day3.Headers_Info" name="testHeaders" time="4.284"/>
  <system-out/>
</testsuite> <!-- day3.Headers_Info -->
