<?xml version="1.0" encoding="UTF-8"?>
<!-- Generated by org.testng.reporters.JUnitReportReporter -->
<testsuite hostname="DESKTOP-P6NGEVN" failures="0" tests="1" name="day3.PathandQueryParameter" time="5.037" errors="0" timestamp="2023-03-30T22:11:06 IST" skipped="0">
  <testcase classname="day3.PathandQueryParameter" name="testQueryandpathParameter" time="5.037"/>
  <system-out/>
</testsuite> <!-- day3.PathandQueryParameter -->
