<?xml version="1.0" encoding="UTF-8"?>
<!-- Generated by org.testng.reporters.JUnitReportReporter -->
<testsuite hostname="DESKTOP-P6NGEVN" failures="0" tests="1" name="day3.CookiesDemo" time="5.690" errors="0" timestamp="2023-03-30T22:10:22 IST" skipped="0">
  <testcase classname="day3.CookiesDemo" name="getCookiesInfo" time="5.690"/>
  <system-out/>
</testsuite> <!-- day3.CookiesDemo -->
