<?xml version="1.0" encoding="UTF-8"?>
<!-- Generated by org.testng.reporters.JUnitReportReporter -->
<testsuite hostname="DESKTOP-P6NGEVN" failures="0" tests="4" name="day1.HTTPrequest" time="11.600" errors="0" timestamp="2023-03-28T11:17:37 IST" skipped="0">
  <testcase classname="day1.HTTPrequest" name="getUsers" time="8.598"/>
  <system-out/>
  <testcase classname="day1.HTTPrequest" name="createUser" time="1.786"/>
  <system-out/>
  <testcase classname="day1.HTTPrequest" name="updatUser" time="0.549"/>
  <system-out/>
  <testcase classname="day1.HTTPrequest" name="deleteUser" time="0.667"/>
  <system-out/>
</testsuite> <!-- day1.HTTPrequest -->
